<?xml version="1.0" encoding="UTF-8"?>
<!-- Generated by org.testng.reporters.JUnitReportReporter -->
<testsuite hostname="BOOK-BLR52339TG" failures="0" tests="1" name="testNGpgms.Fbloginpgm" time="0.214" errors="0" timestamp="2023-12-13T18:07:21 IST" skipped="0">
  <testcase classname="testNGpgms.Fbloginpgm" name="main" time="0.214"/>
  <system-out/>
</testsuite> <!-- testNGpgms.Fbloginpgm -->
