<?xml version="1.0" encoding="UTF-8"?>
<!-- Generated by org.testng.reporters.JUnitReportReporter -->
<testsuite hostname="BOOK-BLR52339TG" failures="0" tests="1" name="testNGpgms.Parametrisation" time="0.008" errors="0" timestamp="2023-12-13T16:39:01 IST" skipped="0">
  <testcase classname="testNGpgms.Parametrisation" name="main" time="0.008"/>
  <system-out/>
</testsuite> <!-- testNGpgms.Parametrisation -->
