<?xml version="1.0" encoding="UTF-8"?>
<!-- Generated by org.testng.reporters.JUnitReportReporter -->
<testsuite hostname="BOOK-BLR52339TG" failures="0" tests="1" name="testpackage.Fblogintest" time="0.294" errors="0" timestamp="2024-01-03T15:41:27 IST" skipped="0">
  <testcase classname="testpackage.Fblogintest" name="testlogin" time="0.294"/>
  <system-out/>
</testsuite> <!-- testpackage.Fblogintest -->
