<?xml version="1.0" encoding="UTF-8"?>
<!-- Generated by org.testng.reporters.JUnitReportReporter -->
<testsuite hostname="BOOK-BLR52339TG" failures="0" tests="1" name="testNGpgms.FileuploadAutoit" time="7.257" errors="0" timestamp="2024-01-01T18:01:33 IST" skipped="0">
  <testcase classname="testNGpgms.FileuploadAutoit" name="test" time="7.257"/>
  <system-out/>
</testsuite> <!-- testNGpgms.FileuploadAutoit -->
