<?xml version="1.0" encoding="UTF-8"?>
<!-- Generated by org.testng.reporters.JUnitReportReporter -->
<testsuite hostname="BOOK-BLR52339TG" failures="0" tests="1" name="testNGpgms.Windowhandlepgm" time="21.346" errors="0" timestamp="2023-12-21T17:02:23 IST" skipped="0">
  <testcase classname="testNGpgms.Windowhandlepgm" name="test" time="21.346"/>
  <system-out/>
</testsuite> <!-- testNGpgms.Windowhandlepgm -->
