<?xml version="1.0" encoding="UTF-8"?>
<!-- Generated by org.testng.reporters.JUnitReportReporter -->
<testsuite hostname="BOOK-BLR52339TG" failures="0" tests="1" name="herbaltestpackage.Herballogintest" time="1.140" errors="0" timestamp="2024-01-03T17:15:03 IST" skipped="0">
  <testcase classname="herbaltestpackage.Herballogintest" name="herballogin" time="1.140"/>
  <system-out/>
</testsuite> <!-- herbaltestpackage.Herballogintest -->
