<?xml version="1.0" encoding="UTF-8"?>
<!-- Generated by org.testng.reporters.JUnitReportReporter -->
<testsuite hostname="BOOK-BLR52339TG" failures="0" tests="2" name="testNGpgms.Crossbrowserpgm" time="4.896" errors="0" timestamp="2023-12-15T16:37:21 IST" skipped="0">
  <testcase classname="testNGpgms.Crossbrowserpgm" name="test" time="2.538"/>
  <system-out/>
  <testcase classname="testNGpgms.Crossbrowserpgm" name="test" time="2.358"/>
  <system-out/>
</testsuite> <!-- testNGpgms.Crossbrowserpgm -->
