<?xml version="1.0" encoding="UTF-8"?>
<!-- Generated by org.testng.reporters.JUnitReportReporter -->
<testsuite hostname="BOOK-BLR52339TG" failures="0" tests="1" name="testpackage.Fbcreatetest" time="1.583" errors="0" timestamp="2024-01-03T15:47:28 IST" skipped="0">
  <testcase classname="testpackage.Fbcreatetest" name="fbcreatepage" time="1.583"/>
  <system-out/>
</testsuite> <!-- testpackage.Fbcreatetest -->
