<?xml version="1.0" encoding="UTF-8"?>
<!-- Generated by org.testng.reporters.JUnitReportReporter -->
<testsuite hostname="BOOK-BLR52339TG" failures="0" tests="1" name="testNGpgms.fileuploadpgm" time="3.907" errors="0" timestamp="2024-01-01T12:56:13 IST" skipped="0">
  <testcase classname="testNGpgms.fileuploadpgm" name="test" time="3.907"/>
  <system-out/>
</testsuite> <!-- testNGpgms.fileuploadpgm -->
