<?xml version="1.0" encoding="UTF-8"?>
<!-- Generated by org.testng.reporters.JUnitReportReporter -->
<testsuite hostname="BOOK-BLR52339TG" failures="0" tests="1" name="testNGpgms.Copypastepgm" time="0.556" errors="0" timestamp="2023-12-14T16:11:56 IST" skipped="0">
  <testcase classname="testNGpgms.Copypastepgm" name="test" time="0.556"/>
  <system-out/>
</testsuite> <!-- testNGpgms.Copypastepgm -->
