<?xml version="1.0" encoding="UTF-8"?>
<!-- Generated by org.testng.reporters.JUnitReportReporter -->
<testsuite hostname="BOOK-BLR52339TG" failures="0" tests="1" name="testNGpgms.ebaypgm" time="6.458" errors="0" timestamp="2024-01-08T11:44:05 IST" skipped="0">
  <testcase classname="testNGpgms.ebaypgm" name="test" time="6.458"/>
  <system-out/>
</testsuite> <!-- testNGpgms.ebaypgm -->
