<?xml version="1.0" encoding="UTF-8"?>
<!-- Generated by org.testng.reporters.JUnitReportReporter -->
<testsuite hostname="BOOK-BLR52339TG" failures="0" tests="1" name="testNGpgms.Rightclickpgm" time="6.609" errors="0" timestamp="2023-12-15T15:46:04 IST" skipped="0">
  <testcase classname="testNGpgms.Rightclickpgm" name="test" time="6.609"/>
  <system-out/>
</testsuite> <!-- testNGpgms.Rightclickpgm -->
