<?xml version="1.0" encoding="UTF-8"?>
<!-- Generated by org.testng.reporters.JUnitReportReporter -->
<testsuite hostname="BOOK-BLR52339TG" failures="0" tests="2" name="testNGpgms.TestNGdemo" time="3.633" errors="0" timestamp="2023-12-13T16:15:49 IST" skipped="1">
  <testcase classname="testNGpgms.TestNGdemo" name="test1" time="3.633"/>
  <system-out/>
  <testcase classname="testNGpgms.TestNGdemo" name="test2">
    <skipped/>
  </testcase> <!-- test2 -->
  <system-out/>
</testsuite> <!-- testNGpgms.TestNGdemo -->
