<?xml version="1.0" encoding="UTF-8"?>
<!-- Generated by org.testng.reporters.JUnitReportReporter -->
<testsuite hostname="BOOK-BLR52339TG" failures="0" tests="1" name="testNGpgms.Fileuploadrobot" time="4.537" errors="0" timestamp="2024-01-01T17:23:07 IST" skipped="0">
  <testcase classname="testNGpgms.Fileuploadrobot" name="test" time="4.537"/>
  <system-out/>
</testsuite> <!-- testNGpgms.Fileuploadrobot -->
