<?xml version="1.0" encoding="UTF-8"?>
<!-- Generated by org.testng.reporters.JUnitReportReporter -->
<testsuite hostname="BOOK-BLR52339TG" failures="0" tests="1" name="testNGpgms.Mousehoverpgm" time="4.618" errors="0" timestamp="2023-12-21T16:24:40 IST" skipped="0">
  <testcase classname="testNGpgms.Mousehoverpgm" name="test" time="4.618"/>
  <system-out/>
</testsuite> <!-- testNGpgms.Mousehoverpgm -->
