<?xml version="1.0" encoding="UTF-8"?>
<!-- Generated by org.testng.reporters.JUnitReportReporter -->
<testsuite hostname="BOOK-BLR52339TG" failures="0" tests="1" name="testNGpgms.Dragdroppgm" time="18.697" errors="0" timestamp="2023-12-15T17:02:01 IST" skipped="0">
  <testcase classname="testNGpgms.Dragdroppgm" name="test" time="18.697"/>
  <system-out/>
</testsuite> <!-- testNGpgms.Dragdroppgm -->
